
========================= Start Train for 공주 =========================

> > Saving model of 공주
Epoch: 1 | Train Loss:0.06238 Vali Loss: 0.06606 Test Loss: 0.04358

> > Saving model of 공주
Epoch: 2 | Train Loss:0.05192 Vali Loss: 0.06413 Test Loss: 0.04257

> > Saving model of 공주
Epoch: 3 | Train Loss:0.05115 Vali Loss: 0.06319 Test Loss: 0.04199

> > Early Stopping | 1 / 5
Epoch: 4 | Train Loss:0.05073 Vali Loss: 0.06319 Test Loss: 0.04201

> > Saving model of 공주
Epoch: 5 | Train Loss:0.05048 Vali Loss: 0.06284 Test Loss: 0.04169

> > Early Stopping | 1 / 5
Epoch: 6 | Train Loss:0.05026 Vali Loss: 0.06297 Test Loss: 0.04176

> > Saving model of 공주
Epoch: 7 | Train Loss:0.05011 Vali Loss: 0.06274 Test Loss: 0.04161

> > Saving model of 공주
Epoch: 8 | Train Loss:0.04994 Vali Loss: 0.06262 Test Loss: 0.04155

> > Saving model of 공주
Epoch: 9 | Train Loss:0.04981 Vali Loss: 0.06236 Test Loss: 0.04149

> > Saving model of 공주
Epoch: 10 | Train Loss:0.04969 Vali Loss: 0.06218 Test Loss: 0.04153

> > Early Stopping | 1 / 5
Epoch: 11 | Train Loss:0.04957 Vali Loss: 0.06234 Test Loss: 0.04148

> > Early Stopping | 2 / 5
Epoch: 12 | Train Loss:0.04944 Vali Loss: 0.06222 Test Loss: 0.04133

> > Saving model of 공주
Epoch: 13 | Train Loss:0.04934 Vali Loss: 0.06194 Test Loss: 0.04110

> > Early Stopping | 1 / 5
Epoch: 14 | Train Loss:0.04921 Vali Loss: 0.06201 Test Loss: 0.04115

> > Early Stopping | 2 / 5
Epoch: 15 | Train Loss:0.04914 Vali Loss: 0.06226 Test Loss: 0.04110

> > Early Stopping | 3 / 5
Epoch: 16 | Train Loss:0.04904 Vali Loss: 0.06227 Test Loss: 0.04098

> > Early Stopping | 4 / 5
Epoch: 17 | Train Loss:0.04894 Vali Loss: 0.06228 Test Loss: 0.04098

> > Early Stopping | 5 / 5
> > Early Stopping !

=========================================================================


========================= Start Train for 노은동 =========================

> > Saving model of 노은동
Epoch: 1 | Train Loss:0.05586 Vali Loss: 0.04644 Test Loss: 0.03469

> > Saving model of 노은동
Epoch: 2 | Train Loss:0.04710 Vali Loss: 0.04612 Test Loss: 0.03384

> > Early Stopping | 1 / 5
Epoch: 3 | Train Loss:0.04661 Vali Loss: 0.04717 Test Loss: 0.03444

> > Saving model of 노은동
Epoch: 4 | Train Loss:0.04629 Vali Loss: 0.04610 Test Loss: 0.03361

> > Early Stopping | 1 / 5
Epoch: 5 | Train Loss:0.04610 Vali Loss: 0.04681 Test Loss: 0.03394

> > Early Stopping | 2 / 5
Epoch: 6 | Train Loss:0.04591 Vali Loss: 0.04687 Test Loss: 0.03396

> > Early Stopping | 3 / 5
Epoch: 7 | Train Loss:0.04581 Vali Loss: 0.04657 Test Loss: 0.03364

> > Early Stopping | 4 / 5
Epoch: 8 | Train Loss:0.04568 Vali Loss: 0.04721 Test Loss: 0.03397

> > Early Stopping | 5 / 5
> > Early Stopping !

=========================================================================


========================= Start Train for 논산 =========================

> > Saving model of 논산
Epoch: 1 | Train Loss:0.05865 Vali Loss: 0.05526 Test Loss: 0.04618

> > Saving model of 논산
Epoch: 2 | Train Loss:0.04991 Vali Loss: 0.05483 Test Loss: 0.04547

> > Saving model of 논산
Epoch: 3 | Train Loss:0.04921 Vali Loss: 0.05473 Test Loss: 0.04535

> > Early Stopping | 1 / 5
Epoch: 4 | Train Loss:0.04896 Vali Loss: 0.05506 Test Loss: 0.04540

> > Early Stopping | 2 / 5
Epoch: 5 | Train Loss:0.04878 Vali Loss: 0.05484 Test Loss: 0.04532

> > Early Stopping | 3 / 5
Epoch: 6 | Train Loss:0.04867 Vali Loss: 0.05532 Test Loss: 0.04557

> > Saving model of 논산
Epoch: 7 | Train Loss:0.04858 Vali Loss: 0.05465 Test Loss: 0.04530

> > Early Stopping | 1 / 5
Epoch: 8 | Train Loss:0.04844 Vali Loss: 0.05501 Test Loss: 0.04532

> > Early Stopping | 2 / 5
Epoch: 9 | Train Loss:0.04835 Vali Loss: 0.05512 Test Loss: 0.04530

> > Saving model of 논산
Epoch: 10 | Train Loss:0.04827 Vali Loss: 0.05458 Test Loss: 0.04514

> > Saving model of 논산
Epoch: 11 | Train Loss:0.04817 Vali Loss: 0.05417 Test Loss: 0.04517

> > Early Stopping | 1 / 5
Epoch: 12 | Train Loss:0.04808 Vali Loss: 0.05430 Test Loss: 0.04513

> > Early Stopping | 2 / 5
Epoch: 13 | Train Loss:0.04799 Vali Loss: 0.05450 Test Loss: 0.04504

> > Early Stopping | 3 / 5
Epoch: 14 | Train Loss:0.04793 Vali Loss: 0.05434 Test Loss: 0.04508

> > Early Stopping | 4 / 5
Epoch: 15 | Train Loss:0.04783 Vali Loss: 0.05493 Test Loss: 0.04513

> > Early Stopping | 5 / 5
> > Early Stopping !

=========================================================================


========================= Start Train for 대천2동 =========================

> > Saving model of 대천2동
Epoch: 1 | Train Loss:0.06035 Vali Loss: 0.06594 Test Loss: 0.04402

> > Saving model of 대천2동
Epoch: 2 | Train Loss:0.05191 Vali Loss: 0.06494 Test Loss: 0.04339

> > Saving model of 대천2동
Epoch: 3 | Train Loss:0.05139 Vali Loss: 0.06318 Test Loss: 0.04262

> > Saving model of 대천2동
Epoch: 4 | Train Loss:0.05107 Vali Loss: 0.06318 Test Loss: 0.04240

> > Saving model of 대천2동
Epoch: 5 | Train Loss:0.05086 Vali Loss: 0.06286 Test Loss: 0.04233

> > Saving model of 대천2동
Epoch: 6 | Train Loss:0.05067 Vali Loss: 0.06233 Test Loss: 0.04222

> > Early Stopping | 1 / 5
Epoch: 7 | Train Loss:0.05057 Vali Loss: 0.06244 Test Loss: 0.04220

> > Early Stopping | 2 / 5
Epoch: 8 | Train Loss:0.05047 Vali Loss: 0.06248 Test Loss: 0.04264

> > Saving model of 대천2동
Epoch: 9 | Train Loss:0.05036 Vali Loss: 0.06221 Test Loss: 0.04225

> > Early Stopping | 1 / 5
Epoch: 10 | Train Loss:0.05027 Vali Loss: 0.06232 Test Loss: 0.04225

> > Early Stopping | 2 / 5
Epoch: 11 | Train Loss:0.05018 Vali Loss: 0.06277 Test Loss: 0.04228

> > Saving model of 대천2동
Epoch: 12 | Train Loss:0.05010 Vali Loss: 0.06211 Test Loss: 0.04241

> > Early Stopping | 1 / 5
Epoch: 13 | Train Loss:0.05000 Vali Loss: 0.06262 Test Loss: 0.04231

> > Early Stopping | 2 / 5
Epoch: 14 | Train Loss:0.04990 Vali Loss: 0.06224 Test Loss: 0.04240

> > Early Stopping | 3 / 5
Epoch: 15 | Train Loss:0.04982 Vali Loss: 0.06237 Test Loss: 0.04228

> > Early Stopping | 4 / 5
Epoch: 16 | Train Loss:0.04976 Vali Loss: 0.06289 Test Loss: 0.04217

> > Early Stopping | 5 / 5
> > Early Stopping !

=========================================================================


========================= Start Train for 독곶리 =========================

> > Saving model of 독곶리
Epoch: 1 | Train Loss:0.05269 Vali Loss: 0.06315 Test Loss: 0.04555

> > Saving model of 독곶리
Epoch: 2 | Train Loss:0.04703 Vali Loss: 0.06184 Test Loss: 0.04482

> > Saving model of 독곶리
Epoch: 3 | Train Loss:0.04664 Vali Loss: 0.06143 Test Loss: 0.04468

> > Saving model of 독곶리
Epoch: 4 | Train Loss:0.04649 Vali Loss: 0.06128 Test Loss: 0.04423

> > Saving model of 독곶리
Epoch: 5 | Train Loss:0.04638 Vali Loss: 0.06119 Test Loss: 0.04457

> > Saving model of 독곶리
Epoch: 6 | Train Loss:0.04631 Vali Loss: 0.06108 Test Loss: 0.04422

> > Saving model of 독곶리
Epoch: 7 | Train Loss:0.04623 Vali Loss: 0.06089 Test Loss: 0.04474

> > Early Stopping | 1 / 5
Epoch: 8 | Train Loss:0.04616 Vali Loss: 0.06121 Test Loss: 0.04385

> > Early Stopping | 2 / 5
Epoch: 9 | Train Loss:0.04608 Vali Loss: 0.06093 Test Loss: 0.04453

> > Early Stopping | 3 / 5
Epoch: 10 | Train Loss:0.04601 Vali Loss: 0.06131 Test Loss: 0.04391

> > Early Stopping | 4 / 5
Epoch: 11 | Train Loss:0.04591 Vali Loss: 0.06097 Test Loss: 0.04487

> > Early Stopping | 5 / 5
> > Early Stopping !

=========================================================================


========================= Start Train for 동문동 =========================

> > Saving model of 동문동
Epoch: 1 | Train Loss:0.06593 Vali Loss: 0.08629 Test Loss: 0.05823

> > Saving model of 동문동
Epoch: 2 | Train Loss:0.05871 Vali Loss: 0.08403 Test Loss: 0.05711

> > Saving model of 동문동
Epoch: 3 | Train Loss:0.05815 Vali Loss: 0.08401 Test Loss: 0.05647

> > Early Stopping | 1 / 5
Epoch: 4 | Train Loss:0.05787 Vali Loss: 0.08402 Test Loss: 0.05631

> > Saving model of 동문동
Epoch: 5 | Train Loss:0.05765 Vali Loss: 0.08379 Test Loss: 0.05627

> > Saving model of 동문동
Epoch: 6 | Train Loss:0.05750 Vali Loss: 0.08368 Test Loss: 0.05639

> > Early Stopping | 1 / 5
Epoch: 7 | Train Loss:0.05737 Vali Loss: 0.08402 Test Loss: 0.05604

> > Early Stopping | 2 / 5
Epoch: 8 | Train Loss:0.05725 Vali Loss: 0.08374 Test Loss: 0.05599

> > Early Stopping | 3 / 5
Epoch: 9 | Train Loss:0.05713 Vali Loss: 0.08410 Test Loss: 0.05595

> > Early Stopping | 4 / 5
Epoch: 10 | Train Loss:0.05704 Vali Loss: 0.08410 Test Loss: 0.05593

> > Early Stopping | 5 / 5
> > Early Stopping !

=========================================================================


========================= Start Train for 모종동 =========================

> > Saving model of 모종동
Epoch: 1 | Train Loss:0.06494 Vali Loss: 0.06661 Test Loss: 0.04320

> > Saving model of 모종동
Epoch: 2 | Train Loss:0.05620 Vali Loss: 0.06540 Test Loss: 0.04245

> > Saving model of 모종동
Epoch: 3 | Train Loss:0.05558 Vali Loss: 0.06474 Test Loss: 0.04224

> > Saving model of 모종동
Epoch: 4 | Train Loss:0.05526 Vali Loss: 0.06456 Test Loss: 0.04214

> > Early Stopping | 1 / 5
Epoch: 5 | Train Loss:0.05499 Vali Loss: 0.06530 Test Loss: 0.04257

> > Saving model of 모종동
Epoch: 6 | Train Loss:0.05481 Vali Loss: 0.06445 Test Loss: 0.04229

> > Saving model of 모종동
Epoch: 7 | Train Loss:0.05464 Vali Loss: 0.06432 Test Loss: 0.04217

> > Early Stopping | 1 / 5
Epoch: 8 | Train Loss:0.05452 Vali Loss: 0.06443 Test Loss: 0.04225

> > Early Stopping | 2 / 5
Epoch: 9 | Train Loss:0.05442 Vali Loss: 0.06470 Test Loss: 0.04236

> > Saving model of 모종동
Epoch: 10 | Train Loss:0.05431 Vali Loss: 0.06400 Test Loss: 0.04240

> > Early Stopping | 1 / 5
Epoch: 11 | Train Loss:0.05421 Vali Loss: 0.06402 Test Loss: 0.04223

> > Early Stopping | 2 / 5
Epoch: 12 | Train Loss:0.05413 Vali Loss: 0.06419 Test Loss: 0.04222

> > Saving model of 모종동
Epoch: 13 | Train Loss:0.05402 Vali Loss: 0.06381 Test Loss: 0.04213

> > Early Stopping | 1 / 5
Epoch: 14 | Train Loss:0.05396 Vali Loss: 0.06420 Test Loss: 0.04223

> > Saving model of 모종동
Epoch: 15 | Train Loss:0.05384 Vali Loss: 0.06359 Test Loss: 0.04215

> > Early Stopping | 1 / 5
Epoch: 16 | Train Loss:0.05376 Vali Loss: 0.06414 Test Loss: 0.04232

> > Early Stopping | 2 / 5
Epoch: 17 | Train Loss:0.05368 Vali Loss: 0.06472 Test Loss: 0.04238

> > Saving model of 모종동
Epoch: 18 | Train Loss:0.05362 Vali Loss: 0.06350 Test Loss: 0.04223

> > Early Stopping | 1 / 5
Epoch: 19 | Train Loss:0.05355 Vali Loss: 0.06476 Test Loss: 0.04242

> > Early Stopping | 2 / 5
Epoch: 20 | Train Loss:0.05344 Vali Loss: 0.06381 Test Loss: 0.04222

> > Early Stopping | 3 / 5
Epoch: 21 | Train Loss:0.05340 Vali Loss: 0.06416 Test Loss: 0.04251

> > Saving model of 모종동
Epoch: 22 | Train Loss:0.05330 Vali Loss: 0.06349 Test Loss: 0.04229

> > Early Stopping | 1 / 5
Epoch: 23 | Train Loss:0.05322 Vali Loss: 0.06357 Test Loss: 0.04245

> > Early Stopping | 2 / 5
Epoch: 24 | Train Loss:0.05318 Vali Loss: 0.06509 Test Loss: 0.04253

> > Early Stopping | 3 / 5
Epoch: 25 | Train Loss:0.05310 Vali Loss: 0.06439 Test Loss: 0.04235

> > Early Stopping | 4 / 5
Epoch: 26 | Train Loss:0.05304 Vali Loss: 0.06518 Test Loss: 0.04258

> > Early Stopping | 5 / 5
> > Early Stopping !

=========================================================================


========================= Start Train for 문창동 =========================

> > Saving model of 문창동
Epoch: 1 | Train Loss:0.06237 Vali Loss: 0.05673 Test Loss: 0.04188

> > Saving model of 문창동
Epoch: 2 | Train Loss:0.05317 Vali Loss: 0.05570 Test Loss: 0.04101

> > Saving model of 문창동
Epoch: 3 | Train Loss:0.05250 Vali Loss: 0.05529 Test Loss: 0.04063

> > Early Stopping | 1 / 5
Epoch: 4 | Train Loss:0.05215 Vali Loss: 0.05532 Test Loss: 0.04049

> > Saving model of 문창동
Epoch: 5 | Train Loss:0.05191 Vali Loss: 0.05428 Test Loss: 0.04003

> > Early Stopping | 1 / 5
Epoch: 6 | Train Loss:0.05173 Vali Loss: 0.05475 Test Loss: 0.04010

> > Early Stopping | 2 / 5
Epoch: 7 | Train Loss:0.05157 Vali Loss: 0.05465 Test Loss: 0.03986

> > Early Stopping | 3 / 5
Epoch: 8 | Train Loss:0.05142 Vali Loss: 0.05487 Test Loss: 0.04011

> > Early Stopping | 4 / 5
Epoch: 9 | Train Loss:0.05130 Vali Loss: 0.05543 Test Loss: 0.04033

> > Early Stopping | 5 / 5
> > Early Stopping !

=========================================================================


========================= Start Train for 성성동 =========================

> > Saving model of 성성동
Epoch: 1 | Train Loss:0.08042 Vali Loss: 0.07577 Test Loss: 0.05272

> > Saving model of 성성동
Epoch: 2 | Train Loss:0.06741 Vali Loss: 0.07411 Test Loss: 0.05106

> > Saving model of 성성동
Epoch: 3 | Train Loss:0.06686 Vali Loss: 0.07394 Test Loss: 0.05164

> > Saving model of 성성동
Epoch: 4 | Train Loss:0.06660 Vali Loss: 0.07368 Test Loss: 0.05058

> > Saving model of 성성동
Epoch: 5 | Train Loss:0.06640 Vali Loss: 0.07350 Test Loss: 0.05142

> > Saving model of 성성동
Epoch: 6 | Train Loss:0.06623 Vali Loss: 0.07334 Test Loss: 0.05070

> > Saving model of 성성동
Epoch: 7 | Train Loss:0.06608 Vali Loss: 0.07334 Test Loss: 0.05085

> > Saving model of 성성동
Epoch: 8 | Train Loss:0.06594 Vali Loss: 0.07318 Test Loss: 0.05003

> > Saving model of 성성동
Epoch: 9 | Train Loss:0.06584 Vali Loss: 0.07312 Test Loss: 0.04971

> > Early Stopping | 1 / 5
Epoch: 10 | Train Loss:0.06572 Vali Loss: 0.07353 Test Loss: 0.05094

> > Early Stopping | 2 / 5
Epoch: 11 | Train Loss:0.06559 Vali Loss: 0.07339 Test Loss: 0.05024

> > Early Stopping | 3 / 5
Epoch: 12 | Train Loss:0.06550 Vali Loss: 0.07330 Test Loss: 0.05065

> > Saving model of 성성동
Epoch: 13 | Train Loss:0.06543 Vali Loss: 0.07279 Test Loss: 0.04955

> > Early Stopping | 1 / 5
Epoch: 14 | Train Loss:0.06525 Vali Loss: 0.07315 Test Loss: 0.04996

> > Early Stopping | 2 / 5
Epoch: 15 | Train Loss:0.06520 Vali Loss: 0.07341 Test Loss: 0.05078

> > Early Stopping | 3 / 5
Epoch: 16 | Train Loss:0.06508 Vali Loss: 0.07288 Test Loss: 0.04980

> > Early Stopping | 4 / 5
Epoch: 17 | Train Loss:0.06495 Vali Loss: 0.07311 Test Loss: 0.04964

> > Early Stopping | 5 / 5
> > Early Stopping !

=========================================================================


========================= Start Train for 신방동 =========================

> > Saving model of 신방동
Epoch: 1 | Train Loss:0.07394 Vali Loss: 0.08158 Test Loss: 0.05915

> > Saving model of 신방동
Epoch: 2 | Train Loss:0.06399 Vali Loss: 0.08007 Test Loss: 0.05834

> > Saving model of 신방동
Epoch: 3 | Train Loss:0.06352 Vali Loss: 0.07868 Test Loss: 0.05749

> > Saving model of 신방동
Epoch: 4 | Train Loss:0.06325 Vali Loss: 0.07826 Test Loss: 0.05686

> > Early Stopping | 1 / 5
Epoch: 5 | Train Loss:0.06304 Vali Loss: 0.07917 Test Loss: 0.05778

> > Early Stopping | 2 / 5
Epoch: 6 | Train Loss:0.06289 Vali Loss: 0.07839 Test Loss: 0.05663

> > Saving model of 신방동
Epoch: 7 | Train Loss:0.06269 Vali Loss: 0.07812 Test Loss: 0.05628

> > Saving model of 신방동
Epoch: 8 | Train Loss:0.06259 Vali Loss: 0.07803 Test Loss: 0.05616

> > Early Stopping | 1 / 5
Epoch: 9 | Train Loss:0.06247 Vali Loss: 0.07894 Test Loss: 0.05699

> > Early Stopping | 2 / 5
Epoch: 10 | Train Loss:0.06233 Vali Loss: 0.07859 Test Loss: 0.05650

> > Early Stopping | 3 / 5
Epoch: 11 | Train Loss:0.06224 Vali Loss: 0.07894 Test Loss: 0.05680

> > Early Stopping | 4 / 5
Epoch: 12 | Train Loss:0.06214 Vali Loss: 0.07845 Test Loss: 0.05597

> > Early Stopping | 5 / 5
> > Early Stopping !

=========================================================================


========================= Start Train for 신흥동 =========================

> > Saving model of 신흥동
Epoch: 1 | Train Loss:0.06372 Vali Loss: 0.06750 Test Loss: 0.04651

> > Saving model of 신흥동
Epoch: 2 | Train Loss:0.05455 Vali Loss: 0.06576 Test Loss: 0.04520

> > Saving model of 신흥동
Epoch: 3 | Train Loss:0.05376 Vali Loss: 0.06481 Test Loss: 0.04520

> > Saving model of 신흥동
Epoch: 4 | Train Loss:0.05327 Vali Loss: 0.06476 Test Loss: 0.04519

> > Saving model of 신흥동
Epoch: 5 | Train Loss:0.05296 Vali Loss: 0.06451 Test Loss: 0.04484

> > Saving model of 신흥동
Epoch: 6 | Train Loss:0.05273 Vali Loss: 0.06447 Test Loss: 0.04480

> > Saving model of 신흥동
Epoch: 7 | Train Loss:0.05253 Vali Loss: 0.06387 Test Loss: 0.04372

> > Saving model of 신흥동
Epoch: 8 | Train Loss:0.05241 Vali Loss: 0.06381 Test Loss: 0.04326

> > Early Stopping | 1 / 5
Epoch: 9 | Train Loss:0.05227 Vali Loss: 0.06406 Test Loss: 0.04413

> > Early Stopping | 2 / 5
Epoch: 10 | Train Loss:0.05215 Vali Loss: 0.06521 Test Loss: 0.04485

> > Early Stopping | 3 / 5
Epoch: 11 | Train Loss:0.05204 Vali Loss: 0.06382 Test Loss: 0.04420

> > Early Stopping | 4 / 5
Epoch: 12 | Train Loss:0.05193 Vali Loss: 0.06455 Test Loss: 0.04430

> > Early Stopping | 5 / 5
> > Early Stopping !

=========================================================================


========================= Start Train for 아름동 =========================

> > Saving model of 아름동
Epoch: 1 | Train Loss:0.06163 Vali Loss: 0.06495 Test Loss: 0.04571

> > Saving model of 아름동
Epoch: 2 | Train Loss:0.05245 Vali Loss: 0.06337 Test Loss: 0.04452

> > Saving model of 아름동
Epoch: 3 | Train Loss:0.05162 Vali Loss: 0.06228 Test Loss: 0.04387

> > Saving model of 아름동
Epoch: 4 | Train Loss:0.05116 Vali Loss: 0.06227 Test Loss: 0.04416

> > Saving model of 아름동
Epoch: 5 | Train Loss:0.05093 Vali Loss: 0.06203 Test Loss: 0.04392

> > Saving model of 아름동
Epoch: 6 | Train Loss:0.05076 Vali Loss: 0.06116 Test Loss: 0.04268

> > Early Stopping | 1 / 5
Epoch: 7 | Train Loss:0.05064 Vali Loss: 0.06215 Test Loss: 0.04392

> > Early Stopping | 2 / 5
Epoch: 8 | Train Loss:0.05054 Vali Loss: 0.06160 Test Loss: 0.04308

> > Early Stopping | 3 / 5
Epoch: 9 | Train Loss:0.05043 Vali Loss: 0.06160 Test Loss: 0.04292

> > Saving model of 아름동
Epoch: 10 | Train Loss:0.05036 Vali Loss: 0.06083 Test Loss: 0.04205

> > Saving model of 아름동
Epoch: 11 | Train Loss:0.05026 Vali Loss: 0.06076 Test Loss: 0.04209

> > Early Stopping | 1 / 5
Epoch: 12 | Train Loss:0.05017 Vali Loss: 0.06189 Test Loss: 0.04291

> > Early Stopping | 2 / 5
Epoch: 13 | Train Loss:0.05008 Vali Loss: 0.06156 Test Loss: 0.04256

> > Early Stopping | 3 / 5
Epoch: 14 | Train Loss:0.05000 Vali Loss: 0.06161 Test Loss: 0.04260

> > Early Stopping | 4 / 5
Epoch: 15 | Train Loss:0.04991 Vali Loss: 0.06116 Test Loss: 0.04183

> > Early Stopping | 5 / 5
> > Early Stopping !

=========================================================================


========================= Start Train for 예산군 =========================

> > Saving model of 예산군
Epoch: 1 | Train Loss:0.06064 Vali Loss: 0.07177 Test Loss: 0.03941

> > Saving model of 예산군
Epoch: 2 | Train Loss:0.05240 Vali Loss: 0.06978 Test Loss: 0.03841

> > Saving model of 예산군
Epoch: 3 | Train Loss:0.05194 Vali Loss: 0.06939 Test Loss: 0.03822

> > Early Stopping | 1 / 5
Epoch: 4 | Train Loss:0.05172 Vali Loss: 0.06961 Test Loss: 0.03857

> > Early Stopping | 2 / 5
Epoch: 5 | Train Loss:0.05153 Vali Loss: 0.06945 Test Loss: 0.03869

> > Saving model of 예산군
Epoch: 6 | Train Loss:0.05139 Vali Loss: 0.06896 Test Loss: 0.03823

> > Early Stopping | 1 / 5
Epoch: 7 | Train Loss:0.05130 Vali Loss: 0.06905 Test Loss: 0.03801

> > Saving model of 예산군
Epoch: 8 | Train Loss:0.05120 Vali Loss: 0.06889 Test Loss: 0.03824

> > Early Stopping | 1 / 5
Epoch: 9 | Train Loss:0.05113 Vali Loss: 0.06902 Test Loss: 0.03869

> > Early Stopping | 2 / 5
Epoch: 10 | Train Loss:0.05105 Vali Loss: 0.06902 Test Loss: 0.03775

> > Early Stopping | 3 / 5
Epoch: 11 | Train Loss:0.05098 Vali Loss: 0.06967 Test Loss: 0.03925

> > Saving model of 예산군
Epoch: 12 | Train Loss:0.05092 Vali Loss: 0.06886 Test Loss: 0.03784

> > Saving model of 예산군
Epoch: 13 | Train Loss:0.05089 Vali Loss: 0.06856 Test Loss: 0.03831

> > Early Stopping | 1 / 5
Epoch: 14 | Train Loss:0.05079 Vali Loss: 0.06920 Test Loss: 0.03895

> > Early Stopping | 2 / 5
Epoch: 15 | Train Loss:0.05072 Vali Loss: 0.06872 Test Loss: 0.03808

> > Early Stopping | 3 / 5
Epoch: 16 | Train Loss:0.05068 Vali Loss: 0.06880 Test Loss: 0.03852

> > Early Stopping | 4 / 5
Epoch: 17 | Train Loss:0.05064 Vali Loss: 0.06865 Test Loss: 0.03781

> > Saving model of 예산군
Epoch: 18 | Train Loss:0.05057 Vali Loss: 0.06842 Test Loss: 0.03778

> > Early Stopping | 1 / 5
Epoch: 19 | Train Loss:0.05050 Vali Loss: 0.06855 Test Loss: 0.03833

> > Early Stopping | 2 / 5
Epoch: 20 | Train Loss:0.05044 Vali Loss: 0.06855 Test Loss: 0.03766

> > Saving model of 예산군
Epoch: 21 | Train Loss:0.05040 Vali Loss: 0.06839 Test Loss: 0.03778

> > Early Stopping | 1 / 5
Epoch: 22 | Train Loss:0.05035 Vali Loss: 0.06849 Test Loss: 0.03789

> > Early Stopping | 2 / 5
Epoch: 23 | Train Loss:0.05029 Vali Loss: 0.06861 Test Loss: 0.03816

> > Early Stopping | 3 / 5
Epoch: 24 | Train Loss:0.05025 Vali Loss: 0.06852 Test Loss: 0.03798

> > Early Stopping | 4 / 5
Epoch: 25 | Train Loss:0.05019 Vali Loss: 0.06928 Test Loss: 0.03919

> > Early Stopping | 5 / 5
> > Early Stopping !

=========================================================================


========================= Start Train for 읍내동 =========================

> > Saving model of 읍내동
Epoch: 1 | Train Loss:0.07217 Vali Loss: 0.05741 Test Loss: 0.04676

> > Early Stopping | 1 / 5
Epoch: 2 | Train Loss:0.06127 Vali Loss: 0.06016 Test Loss: 0.04799

> > Early Stopping | 2 / 5
Epoch: 3 | Train Loss:0.06074 Vali Loss: 0.05828 Test Loss: 0.04651

> > Early Stopping | 3 / 5
Epoch: 4 | Train Loss:0.06047 Vali Loss: 0.05863 Test Loss: 0.04661

> > Early Stopping | 4 / 5
Epoch: 5 | Train Loss:0.06027 Vali Loss: 0.05834 Test Loss: 0.04641

> > Early Stopping | 5 / 5
> > Early Stopping !

=========================================================================


========================= Start Train for 이원면 =========================

> > Saving model of 이원면
Epoch: 1 | Train Loss:0.06520 Vali Loss: 0.09119 Test Loss: 0.05914

> > Saving model of 이원면
Epoch: 2 | Train Loss:0.05726 Vali Loss: 0.08971 Test Loss: 0.05815

> > Saving model of 이원면
Epoch: 3 | Train Loss:0.05682 Vali Loss: 0.08896 Test Loss: 0.05784

> > Early Stopping | 1 / 5
Epoch: 4 | Train Loss:0.05668 Vali Loss: 0.08913 Test Loss: 0.05779

> > Early Stopping | 2 / 5
Epoch: 5 | Train Loss:0.05654 Vali Loss: 0.08907 Test Loss: 0.05766

> > Early Stopping | 3 / 5
Epoch: 6 | Train Loss:0.05639 Vali Loss: 0.08898 Test Loss: 0.05765

> > Saving model of 이원면
Epoch: 7 | Train Loss:0.05630 Vali Loss: 0.08878 Test Loss: 0.05748

> > Early Stopping | 1 / 5
Epoch: 8 | Train Loss:0.05621 Vali Loss: 0.08904 Test Loss: 0.05746

> > Early Stopping | 2 / 5
Epoch: 9 | Train Loss:0.05613 Vali Loss: 0.08924 Test Loss: 0.05746

> > Early Stopping | 3 / 5
Epoch: 10 | Train Loss:0.05602 Vali Loss: 0.08891 Test Loss: 0.05737

> > Early Stopping | 4 / 5
Epoch: 11 | Train Loss:0.05592 Vali Loss: 0.08912 Test Loss: 0.05736

> > Early Stopping | 5 / 5
> > Early Stopping !

=========================================================================


========================= Start Train for 정림동 =========================

> > Saving model of 정림동
Epoch: 1 | Train Loss:0.04898 Vali Loss: 0.04199 Test Loss: 0.03604

> > Saving model of 정림동
Epoch: 2 | Train Loss:0.04088 Vali Loss: 0.04083 Test Loss: 0.03512

> > Early Stopping | 1 / 5
Epoch: 3 | Train Loss:0.04034 Vali Loss: 0.04110 Test Loss: 0.03509

> > Early Stopping | 2 / 5
Epoch: 4 | Train Loss:0.04009 Vali Loss: 0.04084 Test Loss: 0.03466

> > Saving model of 정림동
Epoch: 5 | Train Loss:0.03992 Vali Loss: 0.04028 Test Loss: 0.03457

> > Early Stopping | 1 / 5
Epoch: 6 | Train Loss:0.03981 Vali Loss: 0.04076 Test Loss: 0.03451

> > Early Stopping | 2 / 5
Epoch: 7 | Train Loss:0.03971 Vali Loss: 0.04030 Test Loss: 0.03431

> > Early Stopping | 3 / 5
Epoch: 8 | Train Loss:0.03965 Vali Loss: 0.04042 Test Loss: 0.03426

> > Saving model of 정림동
Epoch: 9 | Train Loss:0.03956 Vali Loss: 0.03976 Test Loss: 0.03408

> > Early Stopping | 1 / 5
Epoch: 10 | Train Loss:0.03948 Vali Loss: 0.04018 Test Loss: 0.03411

> > Early Stopping | 2 / 5
Epoch: 11 | Train Loss:0.03941 Vali Loss: 0.04053 Test Loss: 0.03418

> > Early Stopping | 3 / 5
Epoch: 12 | Train Loss:0.03935 Vali Loss: 0.04112 Test Loss: 0.03442

> > Early Stopping | 4 / 5
Epoch: 13 | Train Loss:0.03928 Vali Loss: 0.04064 Test Loss: 0.03409

> > Early Stopping | 5 / 5
> > Early Stopping !

=========================================================================


========================= Start Train for 홍성읍 =========================

> > Saving model of 홍성읍
Epoch: 1 | Train Loss:0.06992 Vali Loss: 0.07200 Test Loss: 0.04330

> > Saving model of 홍성읍
Epoch: 2 | Train Loss:0.05920 Vali Loss: 0.06926 Test Loss: 0.04186

> > Saving model of 홍성읍
Epoch: 3 | Train Loss:0.05843 Vali Loss: 0.06917 Test Loss: 0.04197

> > Saving model of 홍성읍
Epoch: 4 | Train Loss:0.05808 Vali Loss: 0.06870 Test Loss: 0.04149

> > Saving model of 홍성읍
Epoch: 5 | Train Loss:0.05780 Vali Loss: 0.06824 Test Loss: 0.04090

> > Saving model of 홍성읍
Epoch: 6 | Train Loss:0.05760 Vali Loss: 0.06811 Test Loss: 0.04081

> > Early Stopping | 1 / 5
Epoch: 7 | Train Loss:0.05748 Vali Loss: 0.06848 Test Loss: 0.04099

> > Saving model of 홍성읍
Epoch: 8 | Train Loss:0.05733 Vali Loss: 0.06793 Test Loss: 0.04087

> > Early Stopping | 1 / 5
Epoch: 9 | Train Loss:0.05723 Vali Loss: 0.06869 Test Loss: 0.04116

> > Early Stopping | 2 / 5
Epoch: 10 | Train Loss:0.05713 Vali Loss: 0.06802 Test Loss: 0.04055

> > Early Stopping | 3 / 5
Epoch: 11 | Train Loss:0.05700 Vali Loss: 0.06830 Test Loss: 0.04137

> > Early Stopping | 4 / 5
Epoch: 12 | Train Loss:0.05690 Vali Loss: 0.06834 Test Loss: 0.04093

> > Early Stopping | 5 / 5
> > Early Stopping !

=========================================================================

