
========================= Start Train for 공주 =========================

> > Saving model of 공주
Epoch: 1 | Train Loss:0.06110 Vali Loss: 0.07713 Test Loss: 0.05034

> > Saving model of 공주
Epoch: 2 | Train Loss:0.05702 Vali Loss: 0.07553 Test Loss: 0.04943

> > Saving model of 공주
Epoch: 3 | Train Loss:0.05617 Vali Loss: 0.07471 Test Loss: 0.04904

> > Saving model of 공주
Epoch: 4 | Train Loss:0.05572 Vali Loss: 0.07412 Test Loss: 0.04860

> > Saving model of 공주
Epoch: 5 | Train Loss:0.05543 Vali Loss: 0.07378 Test Loss: 0.04887

> > Saving model of 공주
Epoch: 6 | Train Loss:0.05514 Vali Loss: 0.07360 Test Loss: 0.04831

> > Saving model of 공주
Epoch: 7 | Train Loss:0.05489 Vali Loss: 0.07340 Test Loss: 0.04799

> > Saving model of 공주
Epoch: 8 | Train Loss:0.05466 Vali Loss: 0.07316 Test Loss: 0.04830

> > Saving model of 공주
Epoch: 9 | Train Loss:0.05446 Vali Loss: 0.07304 Test Loss: 0.04782

> > Saving model of 공주
Epoch: 10 | Train Loss:0.05423 Vali Loss: 0.07284 Test Loss: 0.04788

> > Early Stopping | 1 / 5
Epoch: 11 | Train Loss:0.05406 Vali Loss: 0.07288 Test Loss: 0.04792

> > Early Stopping | 2 / 5
Epoch: 12 | Train Loss:0.05391 Vali Loss: 0.07292 Test Loss: 0.04760

> > Early Stopping | 3 / 5
Epoch: 13 | Train Loss:0.05376 Vali Loss: 0.07288 Test Loss: 0.04734

> > Early Stopping | 4 / 5
Epoch: 14 | Train Loss:0.05363 Vali Loss: 0.07293 Test Loss: 0.04731

> > Early Stopping | 5 / 5
> > Early Stopping !

=========================================================================


========================= Start Train for 노은동 =========================

> > Saving model of 노은동
Epoch: 1 | Train Loss:0.05656 Vali Loss: 0.05181 Test Loss: 0.03873

> > Saving model of 노은동
Epoch: 2 | Train Loss:0.05210 Vali Loss: 0.05139 Test Loss: 0.03812

> > Saving model of 노은동
Epoch: 3 | Train Loss:0.05163 Vali Loss: 0.05122 Test Loss: 0.03784

> > Saving model of 노은동
Epoch: 4 | Train Loss:0.05135 Vali Loss: 0.05108 Test Loss: 0.03753

> > Saving model of 노은동
Epoch: 5 | Train Loss:0.05114 Vali Loss: 0.05088 Test Loss: 0.03766

> > Early Stopping | 1 / 5
Epoch: 6 | Train Loss:0.05097 Vali Loss: 0.05092 Test Loss: 0.03721

> > Saving model of 노은동
Epoch: 7 | Train Loss:0.05081 Vali Loss: 0.05072 Test Loss: 0.03740

> > Saving model of 노은동
Epoch: 8 | Train Loss:0.05068 Vali Loss: 0.05070 Test Loss: 0.03707

> > Saving model of 노은동
Epoch: 9 | Train Loss:0.05057 Vali Loss: 0.05060 Test Loss: 0.03698

> > Early Stopping | 1 / 5
Epoch: 10 | Train Loss:0.05042 Vali Loss: 0.05062 Test Loss: 0.03680

> > Saving model of 노은동
Epoch: 11 | Train Loss:0.05031 Vali Loss: 0.05042 Test Loss: 0.03690

> > Saving model of 노은동
Epoch: 12 | Train Loss:0.05020 Vali Loss: 0.05041 Test Loss: 0.03709

> > Early Stopping | 1 / 5
Epoch: 13 | Train Loss:0.05012 Vali Loss: 0.05066 Test Loss: 0.03661

> > Early Stopping | 2 / 5
Epoch: 14 | Train Loss:0.05001 Vali Loss: 0.05052 Test Loss: 0.03659

> > Saving model of 노은동
Epoch: 15 | Train Loss:0.04993 Vali Loss: 0.05037 Test Loss: 0.03652

> > Saving model of 노은동
Epoch: 16 | Train Loss:0.04983 Vali Loss: 0.05027 Test Loss: 0.03662

> > Early Stopping | 1 / 5
Epoch: 17 | Train Loss:0.04972 Vali Loss: 0.05030 Test Loss: 0.03656

> > Early Stopping | 2 / 5
Epoch: 18 | Train Loss:0.04963 Vali Loss: 0.05041 Test Loss: 0.03650

> > Early Stopping | 3 / 5
Epoch: 19 | Train Loss:0.04953 Vali Loss: 0.05039 Test Loss: 0.03648

> > Early Stopping | 4 / 5
Epoch: 20 | Train Loss:0.04943 Vali Loss: 0.05041 Test Loss: 0.03650

> > Early Stopping | 5 / 5
> > Early Stopping !

=========================================================================


========================= Start Train for 논산 =========================

> > Saving model of 논산
Epoch: 1 | Train Loss:0.05892 Vali Loss: 0.06287 Test Loss: 0.05112

> > Saving model of 논산
Epoch: 2 | Train Loss:0.05432 Vali Loss: 0.06169 Test Loss: 0.05011

> > Saving model of 논산
Epoch: 3 | Train Loss:0.05344 Vali Loss: 0.06106 Test Loss: 0.04952

> > Early Stopping | 1 / 5
Epoch: 4 | Train Loss:0.05308 Vali Loss: 0.06111 Test Loss: 0.04936

> > Saving model of 논산
Epoch: 5 | Train Loss:0.05281 Vali Loss: 0.06057 Test Loss: 0.04915

> > Early Stopping | 1 / 5
Epoch: 6 | Train Loss:0.05264 Vali Loss: 0.06071 Test Loss: 0.04912

> > Saving model of 논산
Epoch: 7 | Train Loss:0.05246 Vali Loss: 0.06040 Test Loss: 0.04909

> > Early Stopping | 1 / 5
Epoch: 8 | Train Loss:0.05234 Vali Loss: 0.06046 Test Loss: 0.04900

> > Saving model of 논산
Epoch: 9 | Train Loss:0.05222 Vali Loss: 0.06035 Test Loss: 0.04897

> > Early Stopping | 1 / 5
Epoch: 10 | Train Loss:0.05211 Vali Loss: 0.06067 Test Loss: 0.04904

> > Early Stopping | 2 / 5
Epoch: 11 | Train Loss:0.05202 Vali Loss: 0.06053 Test Loss: 0.04886

> > Saving model of 논산
Epoch: 12 | Train Loss:0.05193 Vali Loss: 0.06014 Test Loss: 0.04897

> > Early Stopping | 1 / 5
Epoch: 13 | Train Loss:0.05185 Vali Loss: 0.06058 Test Loss: 0.04903

> > Early Stopping | 2 / 5
Epoch: 14 | Train Loss:0.05176 Vali Loss: 0.06044 Test Loss: 0.04897

> > Early Stopping | 3 / 5
Epoch: 15 | Train Loss:0.05168 Vali Loss: 0.06049 Test Loss: 0.04884

> > Early Stopping | 4 / 5
Epoch: 16 | Train Loss:0.05160 Vali Loss: 0.06052 Test Loss: 0.04875

> > Early Stopping | 5 / 5
> > Early Stopping !

=========================================================================


========================= Start Train for 대천2동 =========================

> > Saving model of 대천2동
Epoch: 1 | Train Loss:0.06145 Vali Loss: 0.07608 Test Loss: 0.04958

> > Saving model of 대천2동
Epoch: 2 | Train Loss:0.05768 Vali Loss: 0.07539 Test Loss: 0.04850

> > Saving model of 대천2동
Epoch: 3 | Train Loss:0.05701 Vali Loss: 0.07489 Test Loss: 0.04795

> > Saving model of 대천2동
Epoch: 4 | Train Loss:0.05665 Vali Loss: 0.07457 Test Loss: 0.04750

> > Saving model of 대천2동
Epoch: 5 | Train Loss:0.05639 Vali Loss: 0.07426 Test Loss: 0.04727

> > Saving model of 대천2동
Epoch: 6 | Train Loss:0.05620 Vali Loss: 0.07397 Test Loss: 0.04692

> > Saving model of 대천2동
Epoch: 7 | Train Loss:0.05602 Vali Loss: 0.07368 Test Loss: 0.04687

> > Saving model of 대천2동
Epoch: 8 | Train Loss:0.05588 Vali Loss: 0.07354 Test Loss: 0.04694

> > Saving model of 대천2동
Epoch: 9 | Train Loss:0.05575 Vali Loss: 0.07350 Test Loss: 0.04689

> > Saving model of 대천2동
Epoch: 10 | Train Loss:0.05561 Vali Loss: 0.07331 Test Loss: 0.04679

> > Saving model of 대천2동
Epoch: 11 | Train Loss:0.05551 Vali Loss: 0.07311 Test Loss: 0.04674

> > Saving model of 대천2동
Epoch: 12 | Train Loss:0.05539 Vali Loss: 0.07293 Test Loss: 0.04671

> > Early Stopping | 1 / 5
Epoch: 13 | Train Loss:0.05530 Vali Loss: 0.07296 Test Loss: 0.04685

> > Saving model of 대천2동
Epoch: 14 | Train Loss:0.05519 Vali Loss: 0.07292 Test Loss: 0.04688

> > Early Stopping | 1 / 5
Epoch: 15 | Train Loss:0.05507 Vali Loss: 0.07293 Test Loss: 0.04681

> > Saving model of 대천2동
Epoch: 16 | Train Loss:0.05501 Vali Loss: 0.07262 Test Loss: 0.04662

> > Early Stopping | 1 / 5
Epoch: 17 | Train Loss:0.05489 Vali Loss: 0.07305 Test Loss: 0.04690

> > Early Stopping | 2 / 5
Epoch: 18 | Train Loss:0.05480 Vali Loss: 0.07270 Test Loss: 0.04673

> > Early Stopping | 3 / 5
Epoch: 19 | Train Loss:0.05470 Vali Loss: 0.07283 Test Loss: 0.04669

> > Early Stopping | 4 / 5
Epoch: 20 | Train Loss:0.05462 Vali Loss: 0.07268 Test Loss: 0.04671

> > Early Stopping | 5 / 5
> > Early Stopping !

=========================================================================


========================= Start Train for 독곶리 =========================

> > Saving model of 독곶리
Epoch: 1 | Train Loss:0.05621 Vali Loss: 0.07451 Test Loss: 0.05027

> > Saving model of 독곶리
Epoch: 2 | Train Loss:0.05247 Vali Loss: 0.07414 Test Loss: 0.04946

> > Saving model of 독곶리
Epoch: 3 | Train Loss:0.05185 Vali Loss: 0.07377 Test Loss: 0.04885

> > Saving model of 독곶리
Epoch: 4 | Train Loss:0.05151 Vali Loss: 0.07345 Test Loss: 0.04865

> > Saving model of 독곶리
Epoch: 5 | Train Loss:0.05132 Vali Loss: 0.07305 Test Loss: 0.04847

> > Saving model of 독곶리
Epoch: 6 | Train Loss:0.05121 Vali Loss: 0.07284 Test Loss: 0.04847

> > Saving model of 독곶리
Epoch: 7 | Train Loss:0.05108 Vali Loss: 0.07268 Test Loss: 0.04834

> > Early Stopping | 1 / 5
Epoch: 8 | Train Loss:0.05101 Vali Loss: 0.07287 Test Loss: 0.04831

> > Saving model of 독곶리
Epoch: 9 | Train Loss:0.05093 Vali Loss: 0.07258 Test Loss: 0.04832

> > Early Stopping | 1 / 5
Epoch: 10 | Train Loss:0.05085 Vali Loss: 0.07272 Test Loss: 0.04829

> > Early Stopping | 2 / 5
Epoch: 11 | Train Loss:0.05075 Vali Loss: 0.07273 Test Loss: 0.04815

> > Saving model of 독곶리
Epoch: 12 | Train Loss:0.05067 Vali Loss: 0.07245 Test Loss: 0.04813

> > Early Stopping | 1 / 5
Epoch: 13 | Train Loss:0.05063 Vali Loss: 0.07252 Test Loss: 0.04815

> > Early Stopping | 2 / 5
Epoch: 14 | Train Loss:0.05054 Vali Loss: 0.07247 Test Loss: 0.04795

> > Saving model of 독곶리
Epoch: 15 | Train Loss:0.05048 Vali Loss: 0.07242 Test Loss: 0.04811

> > Saving model of 독곶리
Epoch: 16 | Train Loss:0.05040 Vali Loss: 0.07235 Test Loss: 0.04793

> > Early Stopping | 1 / 5
Epoch: 17 | Train Loss:0.05031 Vali Loss: 0.07287 Test Loss: 0.04819

> > Saving model of 독곶리
Epoch: 18 | Train Loss:0.05027 Vali Loss: 0.07232 Test Loss: 0.04788

> > Saving model of 독곶리
Epoch: 19 | Train Loss:0.05022 Vali Loss: 0.07221 Test Loss: 0.04780

> > Early Stopping | 1 / 5
Epoch: 20 | Train Loss:0.05011 Vali Loss: 0.07222 Test Loss: 0.04776

> > Early Stopping | 2 / 5
Epoch: 21 | Train Loss:0.05006 Vali Loss: 0.07223 Test Loss: 0.04786

> > Saving model of 독곶리
Epoch: 22 | Train Loss:0.04998 Vali Loss: 0.07214 Test Loss: 0.04788

> > Early Stopping | 1 / 5
Epoch: 23 | Train Loss:0.04991 Vali Loss: 0.07225 Test Loss: 0.04784

> > Saving model of 독곶리
Epoch: 24 | Train Loss:0.04984 Vali Loss: 0.07210 Test Loss: 0.04775

> > Saving model of 독곶리
Epoch: 25 | Train Loss:0.04977 Vali Loss: 0.07191 Test Loss: 0.04777

> > Saving model of 독곶리
Epoch: 26 | Train Loss:0.04972 Vali Loss: 0.07186 Test Loss: 0.04785

> > Early Stopping | 1 / 5
Epoch: 27 | Train Loss:0.04966 Vali Loss: 0.07201 Test Loss: 0.04801

> > Saving model of 독곶리
Epoch: 28 | Train Loss:0.04958 Vali Loss: 0.07181 Test Loss: 0.04779

> > Early Stopping | 1 / 5
Epoch: 29 | Train Loss:0.04953 Vali Loss: 0.07191 Test Loss: 0.04780

> > Saving model of 독곶리
Epoch: 30 | Train Loss:0.04946 Vali Loss: 0.07177 Test Loss: 0.04781

=========================================================================


========================= Start Train for 동문동 =========================

> > Saving model of 동문동
Epoch: 1 | Train Loss:0.06763 Vali Loss: 0.09793 Test Loss: 0.06274

> > Saving model of 동문동
Epoch: 2 | Train Loss:0.06398 Vali Loss: 0.09777 Test Loss: 0.06188

> > Saving model of 동문동
Epoch: 3 | Train Loss:0.06337 Vali Loss: 0.09726 Test Loss: 0.06087

> > Saving model of 동문동
Epoch: 4 | Train Loss:0.06305 Vali Loss: 0.09695 Test Loss: 0.06066

> > Saving model of 동문동
Epoch: 5 | Train Loss:0.06280 Vali Loss: 0.09681 Test Loss: 0.06057

> > Saving model of 동문동
Epoch: 6 | Train Loss:0.06260 Vali Loss: 0.09639 Test Loss: 0.06025

> > Saving model of 동문동
Epoch: 7 | Train Loss:0.06241 Vali Loss: 0.09623 Test Loss: 0.06008

> > Early Stopping | 1 / 5
Epoch: 8 | Train Loss:0.06226 Vali Loss: 0.09639 Test Loss: 0.06043

> > Saving model of 동문동
Epoch: 9 | Train Loss:0.06213 Vali Loss: 0.09584 Test Loss: 0.05995

> > Early Stopping | 1 / 5
Epoch: 10 | Train Loss:0.06200 Vali Loss: 0.09596 Test Loss: 0.05999

> > Saving model of 동문동
Epoch: 11 | Train Loss:0.06190 Vali Loss: 0.09574 Test Loss: 0.05985

> > Early Stopping | 1 / 5
Epoch: 12 | Train Loss:0.06179 Vali Loss: 0.09586 Test Loss: 0.05969

> > Saving model of 동문동
Epoch: 13 | Train Loss:0.06168 Vali Loss: 0.09547 Test Loss: 0.06007

> > Early Stopping | 1 / 5
Epoch: 14 | Train Loss:0.06157 Vali Loss: 0.09556 Test Loss: 0.05995

> > Early Stopping | 2 / 5
Epoch: 15 | Train Loss:0.06152 Vali Loss: 0.09551 Test Loss: 0.06001

> > Early Stopping | 3 / 5
Epoch: 16 | Train Loss:0.06140 Vali Loss: 0.09555 Test Loss: 0.05993

> > Early Stopping | 4 / 5
Epoch: 17 | Train Loss:0.06131 Vali Loss: 0.09559 Test Loss: 0.06016

> > Saving model of 동문동
Epoch: 18 | Train Loss:0.06124 Vali Loss: 0.09537 Test Loss: 0.05978

> > Saving model of 동문동
Epoch: 19 | Train Loss:0.06115 Vali Loss: 0.09532 Test Loss: 0.05980

> > Saving model of 동문동
Epoch: 20 | Train Loss:0.06105 Vali Loss: 0.09525 Test Loss: 0.05983

> > Early Stopping | 1 / 5
Epoch: 21 | Train Loss:0.06097 Vali Loss: 0.09526 Test Loss: 0.06011

> > Early Stopping | 2 / 5
Epoch: 22 | Train Loss:0.06088 Vali Loss: 0.09539 Test Loss: 0.05983

> > Early Stopping | 3 / 5
Epoch: 23 | Train Loss:0.06084 Vali Loss: 0.09533 Test Loss: 0.06046

> > Early Stopping | 4 / 5
Epoch: 24 | Train Loss:0.06072 Vali Loss: 0.09540 Test Loss: 0.06049

> > Saving model of 동문동
Epoch: 25 | Train Loss:0.06065 Vali Loss: 0.09509 Test Loss: 0.06015

> > Saving model of 동문동
Epoch: 26 | Train Loss:0.06057 Vali Loss: 0.09503 Test Loss: 0.05984

> > Early Stopping | 1 / 5
Epoch: 27 | Train Loss:0.06049 Vali Loss: 0.09515 Test Loss: 0.05972

> > Saving model of 동문동
Epoch: 28 | Train Loss:0.06043 Vali Loss: 0.09503 Test Loss: 0.05996

> > Saving model of 동문동
Epoch: 29 | Train Loss:0.06033 Vali Loss: 0.09499 Test Loss: 0.05974

> > Early Stopping | 1 / 5
Epoch: 30 | Train Loss:0.06027 Vali Loss: 0.09505 Test Loss: 0.06009

=========================================================================


========================= Start Train for 모종동 =========================

> > Saving model of 모종동
Epoch: 1 | Train Loss:0.06558 Vali Loss: 0.07669 Test Loss: 0.04941

> > Saving model of 모종동
Epoch: 2 | Train Loss:0.06090 Vali Loss: 0.07521 Test Loss: 0.04873

> > Early Stopping | 1 / 5
Epoch: 3 | Train Loss:0.06001 Vali Loss: 0.07539 Test Loss: 0.04844

> > Saving model of 모종동
Epoch: 4 | Train Loss:0.05963 Vali Loss: 0.07409 Test Loss: 0.04856

> > Saving model of 모종동
Epoch: 5 | Train Loss:0.05936 Vali Loss: 0.07394 Test Loss: 0.04818

> > Saving model of 모종동
Epoch: 6 | Train Loss:0.05920 Vali Loss: 0.07347 Test Loss: 0.04888

> > Early Stopping | 1 / 5
Epoch: 7 | Train Loss:0.05903 Vali Loss: 0.07358 Test Loss: 0.04786

> > Saving model of 모종동
Epoch: 8 | Train Loss:0.05888 Vali Loss: 0.07341 Test Loss: 0.04860

> > Saving model of 모종동
Epoch: 9 | Train Loss:0.05874 Vali Loss: 0.07321 Test Loss: 0.04761

> > Saving model of 모종동
Epoch: 10 | Train Loss:0.05859 Vali Loss: 0.07304 Test Loss: 0.04770

> > Saving model of 모종동
Epoch: 11 | Train Loss:0.05846 Vali Loss: 0.07298 Test Loss: 0.04769

> > Saving model of 모종동
Epoch: 12 | Train Loss:0.05835 Vali Loss: 0.07264 Test Loss: 0.04790

> > Early Stopping | 1 / 5
Epoch: 13 | Train Loss:0.05824 Vali Loss: 0.07273 Test Loss: 0.04770

> > Saving model of 모종동
Epoch: 14 | Train Loss:0.05812 Vali Loss: 0.07250 Test Loss: 0.04812

> > Early Stopping | 1 / 5
Epoch: 15 | Train Loss:0.05804 Vali Loss: 0.07253 Test Loss: 0.04795

> > Early Stopping | 2 / 5
Epoch: 16 | Train Loss:0.05795 Vali Loss: 0.07250 Test Loss: 0.04757

> > Saving model of 모종동
Epoch: 17 | Train Loss:0.05783 Vali Loss: 0.07229 Test Loss: 0.04802

> > Early Stopping | 1 / 5
Epoch: 18 | Train Loss:0.05774 Vali Loss: 0.07230 Test Loss: 0.04763

> > Early Stopping | 2 / 5
Epoch: 19 | Train Loss:0.05767 Vali Loss: 0.07231 Test Loss: 0.04737

> > Early Stopping | 3 / 5
Epoch: 20 | Train Loss:0.05758 Vali Loss: 0.07245 Test Loss: 0.04746

> > Saving model of 모종동
Epoch: 21 | Train Loss:0.05750 Vali Loss: 0.07201 Test Loss: 0.04733

> > Early Stopping | 1 / 5
Epoch: 22 | Train Loss:0.05738 Vali Loss: 0.07213 Test Loss: 0.04715

> > Early Stopping | 2 / 5
Epoch: 23 | Train Loss:0.05726 Vali Loss: 0.07266 Test Loss: 0.04701

> > Saving model of 모종동
Epoch: 24 | Train Loss:0.05721 Vali Loss: 0.07201 Test Loss: 0.04713

> > Saving model of 모종동
Epoch: 25 | Train Loss:0.05712 Vali Loss: 0.07197 Test Loss: 0.04709

> > Saving model of 모종동
Epoch: 26 | Train Loss:0.05706 Vali Loss: 0.07153 Test Loss: 0.04752

> > Early Stopping | 1 / 5
Epoch: 27 | Train Loss:0.05699 Vali Loss: 0.07170 Test Loss: 0.04732

> > Early Stopping | 2 / 5
Epoch: 28 | Train Loss:0.05690 Vali Loss: 0.07177 Test Loss: 0.04720

> > Early Stopping | 3 / 5
Epoch: 29 | Train Loss:0.05682 Vali Loss: 0.07173 Test Loss: 0.04728

> > Early Stopping | 4 / 5
Epoch: 30 | Train Loss:0.05677 Vali Loss: 0.07216 Test Loss: 0.04722

=========================================================================


========================= Start Train for 문창동 =========================

> > Saving model of 문창동
Epoch: 1 | Train Loss:0.06281 Vali Loss: 0.06500 Test Loss: 0.04621

> > Saving model of 문창동
Epoch: 2 | Train Loss:0.05862 Vali Loss: 0.06400 Test Loss: 0.04562

> > Saving model of 문창동
Epoch: 3 | Train Loss:0.05786 Vali Loss: 0.06347 Test Loss: 0.04535

> > Saving model of 문창동
Epoch: 4 | Train Loss:0.05749 Vali Loss: 0.06321 Test Loss: 0.04514

> > Saving model of 문창동
Epoch: 5 | Train Loss:0.05721 Vali Loss: 0.06310 Test Loss: 0.04512

> > Saving model of 문창동
Epoch: 6 | Train Loss:0.05698 Vali Loss: 0.06277 Test Loss: 0.04495

> > Early Stopping | 1 / 5
Epoch: 7 | Train Loss:0.05679 Vali Loss: 0.06292 Test Loss: 0.04503

> > Saving model of 문창동
Epoch: 8 | Train Loss:0.05663 Vali Loss: 0.06267 Test Loss: 0.04507

> > Saving model of 문창동
Epoch: 9 | Train Loss:0.05650 Vali Loss: 0.06235 Test Loss: 0.04472

> > Saving model of 문창동
Epoch: 10 | Train Loss:0.05638 Vali Loss: 0.06235 Test Loss: 0.04478

> > Early Stopping | 1 / 5
Epoch: 11 | Train Loss:0.05623 Vali Loss: 0.06251 Test Loss: 0.04498

> > Saving model of 문창동
Epoch: 12 | Train Loss:0.05613 Vali Loss: 0.06197 Test Loss: 0.04453

> > Early Stopping | 1 / 5
Epoch: 13 | Train Loss:0.05606 Vali Loss: 0.06223 Test Loss: 0.04469

> > Early Stopping | 2 / 5
Epoch: 14 | Train Loss:0.05595 Vali Loss: 0.06224 Test Loss: 0.04469

> > Saving model of 문창동
Epoch: 15 | Train Loss:0.05586 Vali Loss: 0.06192 Test Loss: 0.04451

> > Early Stopping | 1 / 5
Epoch: 16 | Train Loss:0.05577 Vali Loss: 0.06232 Test Loss: 0.04470

> > Early Stopping | 2 / 5
Epoch: 17 | Train Loss:0.05569 Vali Loss: 0.06215 Test Loss: 0.04462

> > Early Stopping | 3 / 5
Epoch: 18 | Train Loss:0.05560 Vali Loss: 0.06256 Test Loss: 0.04507

> > Saving model of 문창동
Epoch: 19 | Train Loss:0.05554 Vali Loss: 0.06187 Test Loss: 0.04441

> > Early Stopping | 1 / 5
Epoch: 20 | Train Loss:0.05547 Vali Loss: 0.06255 Test Loss: 0.04517

> > Early Stopping | 2 / 5
Epoch: 21 | Train Loss:0.05537 Vali Loss: 0.06192 Test Loss: 0.04445

> > Early Stopping | 3 / 5
Epoch: 22 | Train Loss:0.05529 Vali Loss: 0.06190 Test Loss: 0.04449

> > Early Stopping | 4 / 5
Epoch: 23 | Train Loss:0.05522 Vali Loss: 0.06197 Test Loss: 0.04452

> > Saving model of 문창동
Epoch: 24 | Train Loss:0.05514 Vali Loss: 0.06187 Test Loss: 0.04449

> > Saving model of 문창동
Epoch: 25 | Train Loss:0.05507 Vali Loss: 0.06186 Test Loss: 0.04438

> > Early Stopping | 1 / 5
Epoch: 26 | Train Loss:0.05499 Vali Loss: 0.06200 Test Loss: 0.04452

> > Early Stopping | 2 / 5
Epoch: 27 | Train Loss:0.05492 Vali Loss: 0.06217 Test Loss: 0.04466

> > Early Stopping | 3 / 5
Epoch: 28 | Train Loss:0.05484 Vali Loss: 0.06211 Test Loss: 0.04459

> > Early Stopping | 4 / 5
Epoch: 29 | Train Loss:0.05475 Vali Loss: 0.06241 Test Loss: 0.04467

> > Saving model of 문창동
Epoch: 30 | Train Loss:0.05467 Vali Loss: 0.06169 Test Loss: 0.04430

=========================================================================


========================= Start Train for 성성동 =========================

> > Saving model of 성성동
Epoch: 1 | Train Loss:0.07751 Vali Loss: 0.08887 Test Loss: 0.06020

> > Saving model of 성성동
Epoch: 2 | Train Loss:0.07411 Vali Loss: 0.08827 Test Loss: 0.05922

> > Saving model of 성성동
Epoch: 3 | Train Loss:0.07333 Vali Loss: 0.08760 Test Loss: 0.05865

> > Saving model of 성성동
Epoch: 4 | Train Loss:0.07281 Vali Loss: 0.08718 Test Loss: 0.05851

> > Early Stopping | 1 / 5
Epoch: 5 | Train Loss:0.07237 Vali Loss: 0.08719 Test Loss: 0.05824

> > Saving model of 성성동
Epoch: 6 | Train Loss:0.07200 Vali Loss: 0.08673 Test Loss: 0.05837

> > Saving model of 성성동
Epoch: 7 | Train Loss:0.07172 Vali Loss: 0.08648 Test Loss: 0.05797

> > Saving model of 성성동
Epoch: 8 | Train Loss:0.07141 Vali Loss: 0.08646 Test Loss: 0.05780

> > Saving model of 성성동
Epoch: 9 | Train Loss:0.07117 Vali Loss: 0.08625 Test Loss: 0.05810

> > Saving model of 성성동
Epoch: 10 | Train Loss:0.07099 Vali Loss: 0.08579 Test Loss: 0.05773

> > Saving model of 성성동
Epoch: 11 | Train Loss:0.07076 Vali Loss: 0.08576 Test Loss: 0.05798

> > Early Stopping | 1 / 5
Epoch: 12 | Train Loss:0.07059 Vali Loss: 0.08578 Test Loss: 0.05771

> > Early Stopping | 2 / 5
Epoch: 13 | Train Loss:0.07040 Vali Loss: 0.08594 Test Loss: 0.05805

> > Saving model of 성성동
Epoch: 14 | Train Loss:0.07026 Vali Loss: 0.08532 Test Loss: 0.05780

> > Saving model of 성성동
Epoch: 15 | Train Loss:0.07008 Vali Loss: 0.08486 Test Loss: 0.05732

> > Saving model of 성성동
Epoch: 16 | Train Loss:0.06993 Vali Loss: 0.08484 Test Loss: 0.05737

> > Saving model of 성성동
Epoch: 17 | Train Loss:0.06978 Vali Loss: 0.08470 Test Loss: 0.05748

> > Early Stopping | 1 / 5
Epoch: 18 | Train Loss:0.06964 Vali Loss: 0.08505 Test Loss: 0.05750

> > Early Stopping | 2 / 5
Epoch: 19 | Train Loss:0.06953 Vali Loss: 0.08498 Test Loss: 0.05776

> > Saving model of 성성동
Epoch: 20 | Train Loss:0.06940 Vali Loss: 0.08454 Test Loss: 0.05757

> > Early Stopping | 1 / 5
Epoch: 21 | Train Loss:0.06928 Vali Loss: 0.08512 Test Loss: 0.05850

> > Saving model of 성성동
Epoch: 22 | Train Loss:0.06917 Vali Loss: 0.08413 Test Loss: 0.05730

> > Saving model of 성성동
Epoch: 23 | Train Loss:0.06908 Vali Loss: 0.08390 Test Loss: 0.05755

> > Early Stopping | 1 / 5
Epoch: 24 | Train Loss:0.06899 Vali Loss: 0.08488 Test Loss: 0.05810

> > Early Stopping | 2 / 5
Epoch: 25 | Train Loss:0.06886 Vali Loss: 0.08404 Test Loss: 0.05728

> > Saving model of 성성동
Epoch: 26 | Train Loss:0.06879 Vali Loss: 0.08385 Test Loss: 0.05748

> > Early Stopping | 1 / 5
Epoch: 27 | Train Loss:0.06870 Vali Loss: 0.08394 Test Loss: 0.05731

> > Saving model of 성성동
Epoch: 28 | Train Loss:0.06860 Vali Loss: 0.08360 Test Loss: 0.05766

> > Early Stopping | 1 / 5
Epoch: 29 | Train Loss:0.06857 Vali Loss: 0.08395 Test Loss: 0.05762

> > Early Stopping | 2 / 5
Epoch: 30 | Train Loss:0.06843 Vali Loss: 0.08365 Test Loss: 0.05737

=========================================================================


========================= Start Train for 신방동 =========================

> > Saving model of 신방동
Epoch: 1 | Train Loss:0.07565 Vali Loss: 0.09736 Test Loss: 0.06706

> > Saving model of 신방동
Epoch: 2 | Train Loss:0.07233 Vali Loss: 0.09691 Test Loss: 0.06647

> > Saving model of 신방동
Epoch: 3 | Train Loss:0.07194 Vali Loss: 0.09635 Test Loss: 0.06601

> > Saving model of 신방동
Epoch: 4 | Train Loss:0.07149 Vali Loss: 0.09575 Test Loss: 0.06571

> > Saving model of 신방동
Epoch: 5 | Train Loss:0.07111 Vali Loss: 0.09530 Test Loss: 0.06548

> > Saving model of 신방동
Epoch: 6 | Train Loss:0.07079 Vali Loss: 0.09499 Test Loss: 0.06535

> > Saving model of 신방동
Epoch: 7 | Train Loss:0.07051 Vali Loss: 0.09471 Test Loss: 0.06541

> > Saving model of 신방동
Epoch: 8 | Train Loss:0.07030 Vali Loss: 0.09441 Test Loss: 0.06519

> > Early Stopping | 1 / 5
Epoch: 9 | Train Loss:0.07006 Vali Loss: 0.09447 Test Loss: 0.06530

> > Saving model of 신방동
Epoch: 10 | Train Loss:0.06990 Vali Loss: 0.09394 Test Loss: 0.06523

> > Saving model of 신방동
Epoch: 11 | Train Loss:0.06967 Vali Loss: 0.09358 Test Loss: 0.06517

> > Early Stopping | 1 / 5
Epoch: 12 | Train Loss:0.06945 Vali Loss: 0.09368 Test Loss: 0.06494

> > Early Stopping | 2 / 5
Epoch: 13 | Train Loss:0.06926 Vali Loss: 0.09376 Test Loss: 0.06524

> > Saving model of 신방동
Epoch: 14 | Train Loss:0.06907 Vali Loss: 0.09302 Test Loss: 0.06491

> > Saving model of 신방동
Epoch: 15 | Train Loss:0.06886 Vali Loss: 0.09293 Test Loss: 0.06494

> > Saving model of 신방동
Epoch: 16 | Train Loss:0.06869 Vali Loss: 0.09291 Test Loss: 0.06503

> > Saving model of 신방동
Epoch: 17 | Train Loss:0.06854 Vali Loss: 0.09245 Test Loss: 0.06468

> > Saving model of 신방동
Epoch: 18 | Train Loss:0.06842 Vali Loss: 0.09228 Test Loss: 0.06467

> > Early Stopping | 1 / 5
Epoch: 19 | Train Loss:0.06827 Vali Loss: 0.09291 Test Loss: 0.06513

> > Early Stopping | 2 / 5
Epoch: 20 | Train Loss:0.06811 Vali Loss: 0.09247 Test Loss: 0.06491

> > Saving model of 신방동
Epoch: 21 | Train Loss:0.06798 Vali Loss: 0.09211 Test Loss: 0.06443

> > Saving model of 신방동
Epoch: 22 | Train Loss:0.06788 Vali Loss: 0.09169 Test Loss: 0.06437

> > Early Stopping | 1 / 5
Epoch: 23 | Train Loss:0.06776 Vali Loss: 0.09245 Test Loss: 0.06486

> > Saving model of 신방동
Epoch: 24 | Train Loss:0.06769 Vali Loss: 0.09160 Test Loss: 0.06437

> > Early Stopping | 1 / 5
Epoch: 25 | Train Loss:0.06755 Vali Loss: 0.09239 Test Loss: 0.06474

> > Early Stopping | 2 / 5
Epoch: 26 | Train Loss:0.06745 Vali Loss: 0.09222 Test Loss: 0.06458

> > Early Stopping | 3 / 5
Epoch: 27 | Train Loss:0.06735 Vali Loss: 0.09173 Test Loss: 0.06454

> > Early Stopping | 4 / 5
Epoch: 28 | Train Loss:0.06723 Vali Loss: 0.09165 Test Loss: 0.06423

> > Early Stopping | 5 / 5
> > Early Stopping !

=========================================================================


========================= Start Train for 신흥동 =========================

> > Saving model of 신흥동
Epoch: 1 | Train Loss:0.06402 Vali Loss: 0.07762 Test Loss: 0.05050

> > Saving model of 신흥동
Epoch: 2 | Train Loss:0.05975 Vali Loss: 0.07615 Test Loss: 0.04959

> > Saving model of 신흥동
Epoch: 3 | Train Loss:0.05899 Vali Loss: 0.07529 Test Loss: 0.04910

> > Saving model of 신흥동
Epoch: 4 | Train Loss:0.05851 Vali Loss: 0.07473 Test Loss: 0.04853

> > Saving model of 신흥동
Epoch: 5 | Train Loss:0.05814 Vali Loss: 0.07439 Test Loss: 0.04835

> > Saving model of 신흥동
Epoch: 6 | Train Loss:0.05786 Vali Loss: 0.07396 Test Loss: 0.04779

> > Saving model of 신흥동
Epoch: 7 | Train Loss:0.05759 Vali Loss: 0.07367 Test Loss: 0.04756

> > Saving model of 신흥동
Epoch: 8 | Train Loss:0.05735 Vali Loss: 0.07345 Test Loss: 0.04733

> > Saving model of 신흥동
Epoch: 9 | Train Loss:0.05714 Vali Loss: 0.07314 Test Loss: 0.04725

> > Saving model of 신흥동
Epoch: 10 | Train Loss:0.05699 Vali Loss: 0.07303 Test Loss: 0.04714

> > Early Stopping | 1 / 5
Epoch: 11 | Train Loss:0.05678 Vali Loss: 0.07308 Test Loss: 0.04705

> > Early Stopping | 2 / 5
Epoch: 12 | Train Loss:0.05668 Vali Loss: 0.07305 Test Loss: 0.04697

> > Saving model of 신흥동
Epoch: 13 | Train Loss:0.05655 Vali Loss: 0.07292 Test Loss: 0.04697

> > Early Stopping | 1 / 5
Epoch: 14 | Train Loss:0.05643 Vali Loss: 0.07309 Test Loss: 0.04711

> > Early Stopping | 2 / 5
Epoch: 15 | Train Loss:0.05631 Vali Loss: 0.07314 Test Loss: 0.04693

> > Early Stopping | 3 / 5
Epoch: 16 | Train Loss:0.05624 Vali Loss: 0.07311 Test Loss: 0.04705

> > Saving model of 신흥동
Epoch: 17 | Train Loss:0.05612 Vali Loss: 0.07289 Test Loss: 0.04689

> > Early Stopping | 1 / 5
Epoch: 18 | Train Loss:0.05601 Vali Loss: 0.07298 Test Loss: 0.04677

> > Early Stopping | 2 / 5
Epoch: 19 | Train Loss:0.05595 Vali Loss: 0.07289 Test Loss: 0.04686

> > Early Stopping | 3 / 5
Epoch: 20 | Train Loss:0.05586 Vali Loss: 0.07290 Test Loss: 0.04683

> > Early Stopping | 4 / 5
Epoch: 21 | Train Loss:0.05578 Vali Loss: 0.07315 Test Loss: 0.04702

> > Early Stopping | 5 / 5
> > Early Stopping !

=========================================================================


========================= Start Train for 아름동 =========================

> > Saving model of 아름동
Epoch: 1 | Train Loss:0.06155 Vali Loss: 0.07382 Test Loss: 0.04915

> > Saving model of 아름동
Epoch: 2 | Train Loss:0.05757 Vali Loss: 0.07269 Test Loss: 0.04810

> > Saving model of 아름동
Epoch: 3 | Train Loss:0.05678 Vali Loss: 0.07201 Test Loss: 0.04745

> > Saving model of 아름동
Epoch: 4 | Train Loss:0.05640 Vali Loss: 0.07160 Test Loss: 0.04711

> > Saving model of 아름동
Epoch: 5 | Train Loss:0.05608 Vali Loss: 0.07143 Test Loss: 0.04688

> > Saving model of 아름동
Epoch: 6 | Train Loss:0.05586 Vali Loss: 0.07105 Test Loss: 0.04683

> > Early Stopping | 1 / 5
Epoch: 7 | Train Loss:0.05564 Vali Loss: 0.07106 Test Loss: 0.04650

> > Saving model of 아름동
Epoch: 8 | Train Loss:0.05546 Vali Loss: 0.07096 Test Loss: 0.04639

> > Saving model of 아름동
Epoch: 9 | Train Loss:0.05527 Vali Loss: 0.07093 Test Loss: 0.04637

> > Saving model of 아름동
Epoch: 10 | Train Loss:0.05513 Vali Loss: 0.07085 Test Loss: 0.04631

> > Saving model of 아름동
Epoch: 11 | Train Loss:0.05502 Vali Loss: 0.07074 Test Loss: 0.04662

> > Early Stopping | 1 / 5
Epoch: 12 | Train Loss:0.05485 Vali Loss: 0.07100 Test Loss: 0.04605

> > Early Stopping | 2 / 5
Epoch: 13 | Train Loss:0.05471 Vali Loss: 0.07095 Test Loss: 0.04601

> > Early Stopping | 3 / 5
Epoch: 14 | Train Loss:0.05461 Vali Loss: 0.07086 Test Loss: 0.04590

> > Early Stopping | 4 / 5
Epoch: 15 | Train Loss:0.05450 Vali Loss: 0.07084 Test Loss: 0.04588

> > Saving model of 아름동
Epoch: 16 | Train Loss:0.05441 Vali Loss: 0.07070 Test Loss: 0.04601

> > Saving model of 아름동
Epoch: 17 | Train Loss:0.05430 Vali Loss: 0.07069 Test Loss: 0.04596

> > Early Stopping | 1 / 5
Epoch: 18 | Train Loss:0.05421 Vali Loss: 0.07080 Test Loss: 0.04578

> > Early Stopping | 2 / 5
Epoch: 19 | Train Loss:0.05411 Vali Loss: 0.07098 Test Loss: 0.04578

> > Early Stopping | 3 / 5
Epoch: 20 | Train Loss:0.05402 Vali Loss: 0.07074 Test Loss: 0.04581

> > Early Stopping | 4 / 5
Epoch: 21 | Train Loss:0.05396 Vali Loss: 0.07091 Test Loss: 0.04577

> > Saving model of 아름동
Epoch: 22 | Train Loss:0.05387 Vali Loss: 0.07052 Test Loss: 0.04595

> > Early Stopping | 1 / 5
Epoch: 23 | Train Loss:0.05379 Vali Loss: 0.07059 Test Loss: 0.04577

> > Saving model of 아름동
Epoch: 24 | Train Loss:0.05371 Vali Loss: 0.07038 Test Loss: 0.04624

> > Early Stopping | 1 / 5
Epoch: 25 | Train Loss:0.05367 Vali Loss: 0.07064 Test Loss: 0.04584

> > Early Stopping | 2 / 5
Epoch: 26 | Train Loss:0.05356 Vali Loss: 0.07054 Test Loss: 0.04639

> > Early Stopping | 3 / 5
Epoch: 27 | Train Loss:0.05350 Vali Loss: 0.07043 Test Loss: 0.04591

> > Saving model of 아름동
Epoch: 28 | Train Loss:0.05345 Vali Loss: 0.07037 Test Loss: 0.04602

> > Early Stopping | 1 / 5
Epoch: 29 | Train Loss:0.05338 Vali Loss: 0.07051 Test Loss: 0.04635

> > Early Stopping | 2 / 5
Epoch: 30 | Train Loss:0.05332 Vali Loss: 0.07041 Test Loss: 0.04603

=========================================================================


========================= Start Train for 예산군 =========================

> > Saving model of 예산군
Epoch: 1 | Train Loss:0.06120 Vali Loss: 0.08361 Test Loss: 0.04379

> > Saving model of 예산군
Epoch: 2 | Train Loss:0.05740 Vali Loss: 0.08301 Test Loss: 0.04316

> > Saving model of 예산군
Epoch: 3 | Train Loss:0.05690 Vali Loss: 0.08233 Test Loss: 0.04325

> > Saving model of 예산군
Epoch: 4 | Train Loss:0.05656 Vali Loss: 0.08181 Test Loss: 0.04331

> > Saving model of 예산군
Epoch: 5 | Train Loss:0.05631 Vali Loss: 0.08173 Test Loss: 0.04281

> > Saving model of 예산군
Epoch: 6 | Train Loss:0.05615 Vali Loss: 0.08134 Test Loss: 0.04313

> > Saving model of 예산군
Epoch: 7 | Train Loss:0.05601 Vali Loss: 0.08133 Test Loss: 0.04272

> > Saving model of 예산군
Epoch: 8 | Train Loss:0.05589 Vali Loss: 0.08116 Test Loss: 0.04261

> > Saving model of 예산군
Epoch: 9 | Train Loss:0.05578 Vali Loss: 0.08083 Test Loss: 0.04323

> > Early Stopping | 1 / 5
Epoch: 10 | Train Loss:0.05569 Vali Loss: 0.08086 Test Loss: 0.04265

> > Saving model of 예산군
Epoch: 11 | Train Loss:0.05560 Vali Loss: 0.08065 Test Loss: 0.04266

> > Early Stopping | 1 / 5
Epoch: 12 | Train Loss:0.05550 Vali Loss: 0.08069 Test Loss: 0.04268

> > Saving model of 예산군
Epoch: 13 | Train Loss:0.05541 Vali Loss: 0.08065 Test Loss: 0.04338

> > Saving model of 예산군
Epoch: 14 | Train Loss:0.05534 Vali Loss: 0.08039 Test Loss: 0.04252

> > Early Stopping | 1 / 5
Epoch: 15 | Train Loss:0.05523 Vali Loss: 0.08052 Test Loss: 0.04239

> > Early Stopping | 2 / 5
Epoch: 16 | Train Loss:0.05517 Vali Loss: 0.08082 Test Loss: 0.04274

> > Saving model of 예산군
Epoch: 17 | Train Loss:0.05510 Vali Loss: 0.08033 Test Loss: 0.04246

> > Saving model of 예산군
Epoch: 18 | Train Loss:0.05500 Vali Loss: 0.08021 Test Loss: 0.04243

> > Saving model of 예산군
Epoch: 19 | Train Loss:0.05495 Vali Loss: 0.08008 Test Loss: 0.04262

> > Early Stopping | 1 / 5
Epoch: 20 | Train Loss:0.05485 Vali Loss: 0.08031 Test Loss: 0.04237

> > Saving model of 예산군
Epoch: 21 | Train Loss:0.05475 Vali Loss: 0.08003 Test Loss: 0.04244

> > Saving model of 예산군
Epoch: 22 | Train Loss:0.05470 Vali Loss: 0.07988 Test Loss: 0.04275

> > Early Stopping | 1 / 5
Epoch: 23 | Train Loss:0.05462 Vali Loss: 0.08002 Test Loss: 0.04281

> > Saving model of 예산군
Epoch: 24 | Train Loss:0.05457 Vali Loss: 0.07983 Test Loss: 0.04251

> > Saving model of 예산군
Epoch: 25 | Train Loss:0.05449 Vali Loss: 0.07961 Test Loss: 0.04313

> > Early Stopping | 1 / 5
Epoch: 26 | Train Loss:0.05440 Vali Loss: 0.07968 Test Loss: 0.04275

> > Early Stopping | 2 / 5
Epoch: 27 | Train Loss:0.05433 Vali Loss: 0.07974 Test Loss: 0.04249

> > Saving model of 예산군
Epoch: 28 | Train Loss:0.05425 Vali Loss: 0.07954 Test Loss: 0.04245

> > Early Stopping | 1 / 5
Epoch: 29 | Train Loss:0.05419 Vali Loss: 0.07984 Test Loss: 0.04227

> > Early Stopping | 2 / 5
Epoch: 30 | Train Loss:0.05411 Vali Loss: 0.07979 Test Loss: 0.04234

=========================================================================


========================= Start Train for 읍내동 =========================

> > Saving model of 읍내동
Epoch: 1 | Train Loss:0.07065 Vali Loss: 0.06594 Test Loss: 0.05134

> > Saving model of 읍내동
Epoch: 2 | Train Loss:0.06646 Vali Loss: 0.06525 Test Loss: 0.05061

> > Saving model of 읍내동
Epoch: 3 | Train Loss:0.06567 Vali Loss: 0.06489 Test Loss: 0.05007

> > Saving model of 읍내동
Epoch: 4 | Train Loss:0.06524 Vali Loss: 0.06454 Test Loss: 0.04995

> > Early Stopping | 1 / 5
Epoch: 5 | Train Loss:0.06490 Vali Loss: 0.06469 Test Loss: 0.04954

> > Saving model of 읍내동
Epoch: 6 | Train Loss:0.06463 Vali Loss: 0.06435 Test Loss: 0.04966

> > Early Stopping | 1 / 5
Epoch: 7 | Train Loss:0.06440 Vali Loss: 0.06440 Test Loss: 0.04927

> > Saving model of 읍내동
Epoch: 8 | Train Loss:0.06419 Vali Loss: 0.06424 Test Loss: 0.04918

> > Early Stopping | 1 / 5
Epoch: 9 | Train Loss:0.06402 Vali Loss: 0.06427 Test Loss: 0.04887

> > Early Stopping | 2 / 5
Epoch: 10 | Train Loss:0.06387 Vali Loss: 0.06456 Test Loss: 0.04885

> > Early Stopping | 3 / 5
Epoch: 11 | Train Loss:0.06373 Vali Loss: 0.06432 Test Loss: 0.04865

> > Saving model of 읍내동
Epoch: 12 | Train Loss:0.06363 Vali Loss: 0.06424 Test Loss: 0.04871

> > Saving model of 읍내동
Epoch: 13 | Train Loss:0.06352 Vali Loss: 0.06389 Test Loss: 0.04874

> > Early Stopping | 1 / 5
Epoch: 14 | Train Loss:0.06342 Vali Loss: 0.06404 Test Loss: 0.04858

> > Early Stopping | 2 / 5
Epoch: 15 | Train Loss:0.06331 Vali Loss: 0.06432 Test Loss: 0.04834

> > Early Stopping | 3 / 5
Epoch: 16 | Train Loss:0.06322 Vali Loss: 0.06494 Test Loss: 0.04847

> > Early Stopping | 4 / 5
Epoch: 17 | Train Loss:0.06315 Vali Loss: 0.06403 Test Loss: 0.04855

> > Early Stopping | 5 / 5
> > Early Stopping !

=========================================================================


========================= Start Train for 이원면 =========================

> > Saving model of 이원면
Epoch: 1 | Train Loss:0.06586 Vali Loss: 0.10579 Test Loss: 0.06392

> > Saving model of 이원면
Epoch: 2 | Train Loss:0.06275 Vali Loss: 0.10518 Test Loss: 0.06315

> > Saving model of 이원면
Epoch: 3 | Train Loss:0.06226 Vali Loss: 0.10486 Test Loss: 0.06250

> > Saving model of 이원면
Epoch: 4 | Train Loss:0.06198 Vali Loss: 0.10457 Test Loss: 0.06213

> > Saving model of 이원면
Epoch: 5 | Train Loss:0.06177 Vali Loss: 0.10427 Test Loss: 0.06201

> > Saving model of 이원면
Epoch: 6 | Train Loss:0.06159 Vali Loss: 0.10419 Test Loss: 0.06194

> > Saving model of 이원면
Epoch: 7 | Train Loss:0.06150 Vali Loss: 0.10402 Test Loss: 0.06189

> > Saving model of 이원면
Epoch: 8 | Train Loss:0.06140 Vali Loss: 0.10367 Test Loss: 0.06189

> > Early Stopping | 1 / 5
Epoch: 9 | Train Loss:0.06128 Vali Loss: 0.10376 Test Loss: 0.06162

> > Early Stopping | 2 / 5
Epoch: 10 | Train Loss:0.06120 Vali Loss: 0.10409 Test Loss: 0.06164

> > Early Stopping | 3 / 5
Epoch: 11 | Train Loss:0.06111 Vali Loss: 0.10371 Test Loss: 0.06150

> > Early Stopping | 4 / 5
Epoch: 12 | Train Loss:0.06102 Vali Loss: 0.10372 Test Loss: 0.06153

> > Saving model of 이원면
Epoch: 13 | Train Loss:0.06094 Vali Loss: 0.10360 Test Loss: 0.06148

> > Early Stopping | 1 / 5
Epoch: 14 | Train Loss:0.06083 Vali Loss: 0.10385 Test Loss: 0.06136

> > Saving model of 이원면
Epoch: 15 | Train Loss:0.06077 Vali Loss: 0.10343 Test Loss: 0.06146

> > Early Stopping | 1 / 5
Epoch: 16 | Train Loss:0.06068 Vali Loss: 0.10353 Test Loss: 0.06150

> > Saving model of 이원면
Epoch: 17 | Train Loss:0.06059 Vali Loss: 0.10322 Test Loss: 0.06143

> > Early Stopping | 1 / 5
Epoch: 18 | Train Loss:0.06050 Vali Loss: 0.10348 Test Loss: 0.06136

> > Early Stopping | 2 / 5
Epoch: 19 | Train Loss:0.06042 Vali Loss: 0.10353 Test Loss: 0.06142

> > Early Stopping | 3 / 5
Epoch: 20 | Train Loss:0.06037 Vali Loss: 0.10357 Test Loss: 0.06119

> > Early Stopping | 4 / 5
Epoch: 21 | Train Loss:0.06028 Vali Loss: 0.10348 Test Loss: 0.06128

> > Early Stopping | 5 / 5
> > Early Stopping !

=========================================================================


========================= Start Train for 정림동 =========================

> > Saving model of 정림동
Epoch: 1 | Train Loss:0.04850 Vali Loss: 0.04735 Test Loss: 0.03981

> > Saving model of 정림동
Epoch: 2 | Train Loss:0.04504 Vali Loss: 0.04669 Test Loss: 0.03948

> > Saving model of 정림동
Epoch: 3 | Train Loss:0.04460 Vali Loss: 0.04631 Test Loss: 0.03917

> > Early Stopping | 1 / 5
Epoch: 4 | Train Loss:0.04431 Vali Loss: 0.04631 Test Loss: 0.03905

> > Saving model of 정림동
Epoch: 5 | Train Loss:0.04413 Vali Loss: 0.04610 Test Loss: 0.03895

> > Saving model of 정림동
Epoch: 6 | Train Loss:0.04396 Vali Loss: 0.04607 Test Loss: 0.03899

> > Early Stopping | 1 / 5
Epoch: 7 | Train Loss:0.04382 Vali Loss: 0.04607 Test Loss: 0.03899

> > Saving model of 정림동
Epoch: 8 | Train Loss:0.04373 Vali Loss: 0.04583 Test Loss: 0.03883

> > Saving model of 정림동
Epoch: 9 | Train Loss:0.04362 Vali Loss: 0.04573 Test Loss: 0.03873

> > Saving model of 정림동
Epoch: 10 | Train Loss:0.04356 Vali Loss: 0.04561 Test Loss: 0.03863

> > Early Stopping | 1 / 5
Epoch: 11 | Train Loss:0.04348 Vali Loss: 0.04574 Test Loss: 0.03880

> > Early Stopping | 2 / 5
Epoch: 12 | Train Loss:0.04341 Vali Loss: 0.04563 Test Loss: 0.03868

> > Saving model of 정림동
Epoch: 13 | Train Loss:0.04333 Vali Loss: 0.04558 Test Loss: 0.03857

> > Early Stopping | 1 / 5
Epoch: 14 | Train Loss:0.04326 Vali Loss: 0.04562 Test Loss: 0.03860

> > Saving model of 정림동
Epoch: 15 | Train Loss:0.04319 Vali Loss: 0.04549 Test Loss: 0.03851

> > Saving model of 정림동
Epoch: 16 | Train Loss:0.04314 Vali Loss: 0.04534 Test Loss: 0.03834

> > Early Stopping | 1 / 5
Epoch: 17 | Train Loss:0.04308 Vali Loss: 0.04541 Test Loss: 0.03835

> > Saving model of 정림동
Epoch: 18 | Train Loss:0.04301 Vali Loss: 0.04531 Test Loss: 0.03828

> > Early Stopping | 1 / 5
Epoch: 19 | Train Loss:0.04296 Vali Loss: 0.04541 Test Loss: 0.03843

> > Saving model of 정림동
Epoch: 20 | Train Loss:0.04290 Vali Loss: 0.04531 Test Loss: 0.03832

> > Early Stopping | 1 / 5
Epoch: 21 | Train Loss:0.04283 Vali Loss: 0.04555 Test Loss: 0.03841

> > Early Stopping | 2 / 5
Epoch: 22 | Train Loss:0.04278 Vali Loss: 0.04544 Test Loss: 0.03835

> > Saving model of 정림동
Epoch: 23 | Train Loss:0.04273 Vali Loss: 0.04530 Test Loss: 0.03829

> > Early Stopping | 1 / 5
Epoch: 24 | Train Loss:0.04266 Vali Loss: 0.04556 Test Loss: 0.03850

> > Early Stopping | 2 / 5
Epoch: 25 | Train Loss:0.04261 Vali Loss: 0.04548 Test Loss: 0.03830

> > Early Stopping | 3 / 5
Epoch: 26 | Train Loss:0.04254 Vali Loss: 0.04532 Test Loss: 0.03828

> > Early Stopping | 4 / 5
Epoch: 27 | Train Loss:0.04248 Vali Loss: 0.04539 Test Loss: 0.03833

> > Saving model of 정림동
Epoch: 28 | Train Loss:0.04242 Vali Loss: 0.04522 Test Loss: 0.03811

> > Early Stopping | 1 / 5
Epoch: 29 | Train Loss:0.04236 Vali Loss: 0.04530 Test Loss: 0.03824

> > Early Stopping | 2 / 5
Epoch: 30 | Train Loss:0.04231 Vali Loss: 0.04547 Test Loss: 0.03833

=========================================================================


========================= Start Train for 홍성읍 =========================

> > Saving model of 홍성읍
Epoch: 1 | Train Loss:0.06878 Vali Loss: 0.08376 Test Loss: 0.04778

> > Saving model of 홍성읍
Epoch: 2 | Train Loss:0.06527 Vali Loss: 0.08301 Test Loss: 0.04772

> > Saving model of 홍성읍
Epoch: 3 | Train Loss:0.06437 Vali Loss: 0.08243 Test Loss: 0.04723

> > Saving model of 홍성읍
Epoch: 4 | Train Loss:0.06389 Vali Loss: 0.08201 Test Loss: 0.04728

> > Saving model of 홍성읍
Epoch: 5 | Train Loss:0.06356 Vali Loss: 0.08164 Test Loss: 0.04697

> > Saving model of 홍성읍
Epoch: 6 | Train Loss:0.06327 Vali Loss: 0.08134 Test Loss: 0.04697

> > Saving model of 홍성읍
Epoch: 7 | Train Loss:0.06302 Vali Loss: 0.08112 Test Loss: 0.04657

> > Saving model of 홍성읍
Epoch: 8 | Train Loss:0.06277 Vali Loss: 0.08108 Test Loss: 0.04601

> > Saving model of 홍성읍
Epoch: 9 | Train Loss:0.06260 Vali Loss: 0.08049 Test Loss: 0.04647

> > Saving model of 홍성읍
Epoch: 10 | Train Loss:0.06243 Vali Loss: 0.08048 Test Loss: 0.04611

> > Saving model of 홍성읍
Epoch: 11 | Train Loss:0.06226 Vali Loss: 0.08010 Test Loss: 0.04673

> > Saving model of 홍성읍
Epoch: 12 | Train Loss:0.06209 Vali Loss: 0.07994 Test Loss: 0.04643

> > Saving model of 홍성읍
Epoch: 13 | Train Loss:0.06200 Vali Loss: 0.07973 Test Loss: 0.04659

> > Saving model of 홍성읍
Epoch: 14 | Train Loss:0.06189 Vali Loss: 0.07954 Test Loss: 0.04645

> > Saving model of 홍성읍
Epoch: 15 | Train Loss:0.06174 Vali Loss: 0.07942 Test Loss: 0.04710

> > Saving model of 홍성읍
Epoch: 16 | Train Loss:0.06166 Vali Loss: 0.07924 Test Loss: 0.04707

> > Early Stopping | 1 / 5
Epoch: 17 | Train Loss:0.06157 Vali Loss: 0.07931 Test Loss: 0.04648

> > Early Stopping | 2 / 5
Epoch: 18 | Train Loss:0.06144 Vali Loss: 0.07936 Test Loss: 0.04605

> > Saving model of 홍성읍
Epoch: 19 | Train Loss:0.06137 Vali Loss: 0.07901 Test Loss: 0.04662

> > Early Stopping | 1 / 5
Epoch: 20 | Train Loss:0.06127 Vali Loss: 0.07905 Test Loss: 0.04689

> > Saving model of 홍성읍
Epoch: 21 | Train Loss:0.06120 Vali Loss: 0.07881 Test Loss: 0.04755

> > Saving model of 홍성읍
Epoch: 22 | Train Loss:0.06109 Vali Loss: 0.07881 Test Loss: 0.04668

> > Saving model of 홍성읍
Epoch: 23 | Train Loss:0.06100 Vali Loss: 0.07868 Test Loss: 0.04658

> > Early Stopping | 1 / 5
Epoch: 24 | Train Loss:0.06094 Vali Loss: 0.07883 Test Loss: 0.04639

> > Early Stopping | 2 / 5
Epoch: 25 | Train Loss:0.06084 Vali Loss: 0.07870 Test Loss: 0.04624

> > Saving model of 홍성읍
Epoch: 26 | Train Loss:0.06074 Vali Loss: 0.07848 Test Loss: 0.04618

> > Saving model of 홍성읍
Epoch: 27 | Train Loss:0.06065 Vali Loss: 0.07825 Test Loss: 0.04680

> > Saving model of 홍성읍
Epoch: 28 | Train Loss:0.06056 Vali Loss: 0.07823 Test Loss: 0.04660

> > Early Stopping | 1 / 5
Epoch: 29 | Train Loss:0.06050 Vali Loss: 0.07824 Test Loss: 0.04666

> > Saving model of 홍성읍
Epoch: 30 | Train Loss:0.06042 Vali Loss: 0.07795 Test Loss: 0.04645

=========================================================================

